<?xml version="1.0" encoding="UTF-8"?>
<!-- Generated by org.testng.reporters.JUnitReportReporter -->
<testsuite hostname="Ks-MacBook-Air.local" failures="2" tests="7" name="parallel.ParallelRun" time="224.202" errors="0" timestamp="17 May 2021 04:17:19 GMT" skipped="0">
  <testcase classname="parallel.ParallelRun" name="runScenario" time="28.258"/>
  <testcase classname="parallel.ParallelRun" name="runScenario" time="34.651"/>
  <testcase classname="parallel.ParallelRun" name="runScenario" time="35.216">
    <failure type="junit.framework.AssertionFailedError">
      <![CDATA[junit.framework.AssertionFailedError
at junit.framework.Assert.fail(Assert.java:55)
at junit.framework.Assert.assertTrue(Assert.java:22)
at junit.framework.Assert.assertTrue(Assert.java:31)
at parallel.AccountsPageSteps.user_gets_accounts_section(AccountsPageSteps.java:44)
at ✽.user gets accounts section(classpath:parallel/acc.feature:15)
]]>
    </failure>
  </testcase> <!-- runScenario -->
  <testcase classname="parallel.ParallelRun" name="runScenario" time="35.310">
    <failure type="junit.framework.AssertionFailedError">
      <![CDATA[junit.framework.AssertionFailedError
at junit.framework.Assert.fail(Assert.java:55)
at junit.framework.Assert.assertTrue(Assert.java:22)
at junit.framework.Assert.assertTrue(Assert.java:31)
at parallel.AccountsPageSteps.user_gets_accounts_section(AccountsPageSteps.java:44)
at ✽.user gets accounts section(classpath:parallel/MyAccountPage.feature:17)
]]>
    </failure>
  </testcase> <!-- runScenario -->
  <testcase classname="parallel.ParallelRun" name="runScenario" time="30.473"/>
  <testcase classname="parallel.ParallelRun" name="runScenario" time="34.743"/>
  <testcase classname="parallel.ParallelRun" name="runScenario" time="25.551"/>
</testsuite> <!-- parallel.ParallelRun -->
